<?xml version="1.0" encoding="UTF-8"?>
<beans xmlns="http://www.springframework.org/schema/beans" xmlns:util="http://www.springframework.org/schema/util"
    xmlns:context="http://www.springframework.org/schema/context" xmlns:xsi="http://www.w3.org/2001/XMLSchema-instance"
    xmlns:integration="http://www.springframework.org/schema/integration"
    xsi:schemaLocation="http://www.springframework.org/schema/beans http://www.springframework.org/schema/beans/spring-beans-2.0.xsd
http://www.springframework.org/schema/integration http://www.springframework.org/schema/integration/spring-integration-2.0.xsd
http://www.springframework.org/schema/util http://www.springframework.org/schema/util/spring-util-2..xsd
http://www.springframework.org/schema/context http://www.springframework.org/schema/context/spring-context-3.0.xsd
">

    <bean class="org.springframework.beans.factory.config.PropertyPlaceholderConfigurer">

        <property name="ignoreUnresolvablePlaceholders" value="true" />
        <property name="ignoreResourceNotFound" value="true" />

        <property name="locations">
            <list>
                <value>classpath:contexts/core.properties</value>
                <value>core.properties</value>
            </list>
        </property>
    </bean>

    <import resource="classpath:contexts/xmppBeans.xml" />
    <bean id="coreConnection" parent="baseCoreConnection" />

</beans>
